Using pre-set license
Built from '2021.1/staging' branch; Version is '2021.1.0b6 (4f6b2ade48ff) revision 5204778'; Using compiler version '192528614'; Build Type 'Release'
OS: 'Windows 10 Home Single Language; OS build 19041.804; Version 2004; 64bit' Language: 'pt' Physical Memory: 8152 MB
BatchMode: 1, IsHumanControllingUs: 0, StartBugReporterOnCrash: 0, Is64bit: 1, IsPro: 0

 COMMAND LINE ARGUMENTS:
C:\Program Files\2021.1.0b6\Editor\Unity.exe
-adb2
-batchMode
-noUpm
-name
AssetImportWorker5
-projectPath
C:/Users/pedro/Documents/GitHub/spell-caster-2021/Spell_Caster
-logFile
Logs/AssetImportWorker5.log
-srvPort
61075
Successfully changed project path to: C:/Users/pedro/Documents/GitHub/spell-caster-2021/Spell_Caster
C:/Users/pedro/Documents/GitHub/spell-caster-2021/Spell_Caster
Using Asset Import Pipeline V2.
Refreshing native plugins compatible for Editor in 55.13 ms, found 0 plugins.
Preloading 0 native plugins for Editor in 0.00 ms.
Initialize engine version: 2021.1.0b6 (4f6b2ade48ff)
[Subsystems] Discovering subsystems at path C:/Program Files/2021.1.0b6/Editor/Data/Resources/UnitySubsystems
[Subsystems] Discovering subsystems at path C:/Users/pedro/Documents/GitHub/spell-caster-2021/Spell_Caster/Assets
GfxDevice: creating device client; threaded=0; jobified=0
Direct3D:
    Version:  Direct3D 11.0 [level 11.1]
    Renderer: NVIDIA GeForce GTX 1050 Ti (ID=0x1c82)
    Vendor:   NVIDIA
    VRAM:     4018 MB
    Driver:   27.21.14.5671
Initialize mono
Mono path[0] = 'C:/Program Files/2021.1.0b6/Editor/Data/Managed'
Mono path[1] = 'C:/Program Files/2021.1.0b6/Editor/Data/MonoBleedingEdge/lib/mono/unityjit'
Mono config path = 'C:/Program Files/2021.1.0b6/Editor/Data/MonoBleedingEdge/etc'
Using monoOptions --debugger-agent=transport=dt_socket,embedding=1,server=y,suspend=n,address=127.0.0.1:56548
Begin MonoManager ReloadAssembly
Registering precompiled unity dll's ...
Register platform support module: C:/Program Files/2021.1.0b6/Editor/Data/PlaybackEngines/WindowsStandaloneSupport/UnityEditor.WindowsStandalone.Extensions.dll
Registered in 0.002706 seconds.
Native extension for WindowsStandalone target not found
Refreshing native plugins compatible for Editor in 45.09 ms, found 0 plugins.
Preloading 0 native plugins for Editor in 0.00 ms.
Mono: successfully reloaded assembly
- Completed reload, in  1.423 seconds
Platform modules already initialized, skipping
Registering precompiled user dll's ...
Registered in 0.005218 seconds.
Begin MonoManager ReloadAssembly
Native extension for WindowsStandalone target not found
Refreshing native plugins compatible for Editor in 0.52 ms, found 0 plugins.
Preloading 0 native plugins for Editor in 0.00 ms.
UnityIAP: [InitializeOnLoad] Facebook Check
UnityIAP: Runtime [2021.1.0b6]
UnityIAP: Current Build is Standalone:StandaloneWindows64
UnityIAP: stub FacebookStore.dll disabled
Mono: successfully reloaded assembly
- Completed reload, in  1.972 seconds
Platform modules already initialized, skipping
========================================================================
Worker process is ready to serve import requests
Launched and connected shader compiler UnityShaderCompiler.exe after 0.34 seconds
Refreshing native plugins compatible for Editor in 0.51 ms, found 0 plugins.
Preloading 0 native plugins for Editor in 0.00 ms.
Unloading 1632 Unused Serialized files (Serialized files now loaded: 0)
System memory in use before: 87.0 MB.
System memory in use after: 87.1 MB.

Unloading 45 unused Assets to reduce memory usage. Loaded Objects now: 2091.
Total: 6.231000 ms (FindLiveObjects: 0.403900 ms CreateObjectMapping: 0.190100 ms MarkObjects: 5.508100 ms  DeleteObjects: 0.126400 ms)

========================================================================
Received Import Request.
  path: Assets/New Terrain.asset
  artifactKey: Guid(429486d98728c5d4fa2798a598daac1e) Importer(815301076,1909f56bfc062723c751e8b465ee728b)
Start importing Assets/New Terrain.asset using Guid(429486d98728c5d4fa2798a598daac1e) Importer(815301076,1909f56bfc062723c751e8b465ee728b)  -> (artifact id: '0e8d81f94d33026065ccc5664424016e') in 2.041895 seconds 
========================================================================
Received Import Request.
  Time since last request: 0.000413 seconds.
  path: Assets/New Terrain 1.asset
  artifactKey: Guid(8cea8bdb3f2190042a2f0d8d4a39e3af) Importer(815301076,1909f56bfc062723c751e8b465ee728b)
Start importing Assets/New Terrain 1.asset using Guid(8cea8bdb3f2190042a2f0d8d4a39e3af) Importer(815301076,1909f56bfc062723c751e8b465ee728b) Tree prefab at index 3 is missing.

 -> (artifact id: '1068dd662f94b6dea90a29d3da55de38') in 0.651788 seconds 
========================================================================
Received Prepare
Registering precompiled user dll's ...
Registered in 0.104488 seconds.
Begin MonoManager ReloadAssembly
Native extension for WindowsStandalone target not found
Refreshing native plugins compatible for Editor in 0.50 ms, found 0 plugins.
Preloading 0 native plugins for Editor in 0.00 ms.
UnityIAP: [InitializeOnLoad] Facebook Check
UnityIAP: Runtime [2021.1.0b6]
UnityIAP: Current Build is Standalone:StandaloneWindows64
UnityIAP: stub FacebookStore.dll disabled
Mono: successfully reloaded assembly
- Completed reload, in  1.158 seconds
Platform modules already initialized, skipping
Refreshing native plugins compatible for Editor in 0.53 ms, found 0 plugins.
Preloading 0 native plugins for Editor in 0.00 ms.
Unloading 1589 Unused Serialized files (Serialized files now loaded: 0)
System memory in use before: 93.0 MB.
System memory in use after: 93.2 MB.

Unloading 36 unused Assets to reduce memory usage. Loaded Objects now: 2155.
Total: 5.895700 ms (FindLiveObjects: 0.216700 ms CreateObjectMapping: 0.185600 ms MarkObjects: 5.424500 ms  DeleteObjects: 0.054900 ms)

========================================================================
Received Prepare
Registering precompiled user dll's ...
Registered in 0.005170 seconds.
Begin MonoManager ReloadAssembly
Native extension for WindowsStandalone target not found
Refreshing native plugins compatible for Editor in 0.67 ms, found 0 plugins.
Preloading 0 native plugins for Editor in 0.00 ms.
UnityIAP: [InitializeOnLoad] Facebook Check
UnityIAP: Runtime [2021.1.0b6]
UnityIAP: Current Build is Standalone:StandaloneWindows64
UnityIAP: stub FacebookStore.dll disabled
Mono: successfully reloaded assembly
- Completed reload, in  1.036 seconds
Platform modules already initialized, skipping
Refreshing native plugins compatible for Editor in 0.53 ms, found 0 plugins.
Preloading 0 native plugins for Editor in 0.00 ms.
Unloading 1546 Unused Serialized files (Serialized files now loaded: 0)
System memory in use before: 92.2 MB.
System memory in use after: 92.3 MB.

Unloading 36 unused Assets to reduce memory usage. Loaded Objects now: 2157.
Total: 5.288300 ms (FindLiveObjects: 0.221500 ms CreateObjectMapping: 0.060600 ms MarkObjects: 4.964200 ms  DeleteObjects: 0.040400 ms)

========================================================================
Received Prepare
Registering precompiled user dll's ...
Registered in 0.004852 seconds.
Begin MonoManager ReloadAssembly
Native extension for WindowsStandalone target not found
Refreshing native plugins compatible for Editor in 0.45 ms, found 0 plugins.
Preloading 0 native plugins for Editor in 0.00 ms.
UnityIAP: [InitializeOnLoad] Facebook Check
UnityIAP: Runtime [2021.1.0b6]
UnityIAP: Current Build is Standalone:StandaloneWindows64
UnityIAP: stub FacebookStore.dll disabled
Mono: successfully reloaded assembly
- Completed reload, in  1.028 seconds
Platform modules already initialized, skipping
Refreshing native plugins compatible for Editor in 0.40 ms, found 0 plugins.
Preloading 0 native plugins for Editor in 0.00 ms.
Unloading 1426 Unused Serialized files (Serialized files now loaded: 0)
System memory in use before: 89.7 MB.
System memory in use after: 89.8 MB.

Unloading 107 unused Assets to reduce memory usage. Loaded Objects now: 2072.
Total: 6.813000 ms (FindLiveObjects: 0.177600 ms CreateObjectMapping: 0.062600 ms MarkObjects: 6.488600 ms  DeleteObjects: 0.082800 ms)

========================================================================
Received Prepare
Registering precompiled user dll's ...
Registered in 0.004860 seconds.
Begin MonoManager ReloadAssembly
Native extension for WindowsStandalone target not found
Refreshing native plugins compatible for Editor in 0.38 ms, found 0 plugins.
Preloading 0 native plugins for Editor in 0.00 ms.
UnityIAP: [InitializeOnLoad] Facebook Check
UnityIAP: Runtime [2021.1.0b6]
UnityIAP: Current Build is Standalone:StandaloneWindows64
UnityIAP: stub FacebookStore.dll disabled
Mono: successfully reloaded assembly
- Completed reload, in  1.019 seconds
Platform modules already initialized, skipping
Refreshing native plugins compatible for Editor in 0.47 ms, found 0 plugins.
Preloading 0 native plugins for Editor in 0.00 ms.
Unloading 1426 Unused Serialized files (Serialized files now loaded: 0)
System memory in use before: 89.3 MB.
System memory in use after: 89.5 MB.

Unloading 20 unused Assets to reduce memory usage. Loaded Objects now: 2074.
Total: 5.323000 ms (FindLiveObjects: 0.144100 ms CreateObjectMapping: 0.053900 ms MarkObjects: 5.080800 ms  DeleteObjects: 0.042700 ms)

========================================================================
Received Prepare
Registering precompiled user dll's ...
Registered in 0.005045 seconds.
Begin MonoManager ReloadAssembly
Native extension for WindowsStandalone target not found
Refreshing native plugins compatible for Editor in 0.39 ms, found 0 plugins.
Preloading 0 native plugins for Editor in 0.00 ms.
UnityIAP: [InitializeOnLoad] Facebook Check
UnityIAP: Runtime [2021.1.0b6]
UnityIAP: Current Build is Standalone:StandaloneWindows64
UnityIAP: stub FacebookStore.dll disabled
Mono: successfully reloaded assembly
- Completed reload, in  0.993 seconds
Platform modules already initialized, skipping
Refreshing native plugins compatible for Editor in 0.41 ms, found 0 plugins.
Preloading 0 native plugins for Editor in 0.00 ms.
Unloading 1392 Unused Serialized files (Serialized files now loaded: 0)
System memory in use before: 88.6 MB.
System memory in use after: 88.7 MB.

Unloading 20 unused Assets to reduce memory usage. Loaded Objects now: 2076.
Total: 8.350200 ms (FindLiveObjects: 0.259500 ms CreateObjectMapping: 0.136800 ms MarkObjects: 7.911100 ms  DeleteObjects: 0.040100 ms)

========================================================================
Received Prepare
Registering precompiled user dll's ...
Registered in 0.004523 seconds.
Begin MonoManager ReloadAssembly
Native extension for WindowsStandalone target not found
Refreshing native plugins compatible for Editor in 0.46 ms, found 0 plugins.
Preloading 0 native plugins for Editor in 0.00 ms.
UnityIAP: [InitializeOnLoad] Facebook Check
UnityIAP: Runtime [2021.1.0b6]
UnityIAP: Current Build is Standalone:StandaloneWindows64
UnityIAP: stub FacebookStore.dll disabled
Mono: successfully reloaded assembly
- Completed reload, in  1.122 seconds
Platform modules already initialized, skipping
Refreshing native plugins compatible for Editor in 0.37 ms, found 0 plugins.
Preloading 0 native plugins for Editor in 0.00 ms.
Unloading 1348 Unused Serialized files (Serialized files now loaded: 0)
System memory in use before: 87.7 MB.
System memory in use after: 87.8 MB.

Unloading 23 unused Assets to reduce memory usage. Loaded Objects now: 2071.
Total: 5.035700 ms (FindLiveObjects: 0.144300 ms CreateObjectMapping: 0.051400 ms MarkObjects: 4.819500 ms  DeleteObjects: 0.019300 ms)

========================================================================
Received Prepare
Registering precompiled user dll's ...
Registered in 0.000767 seconds.
Begin MonoManager ReloadAssembly
Native extension for WindowsStandalone target not found
Refreshing native plugins compatible for Editor in 0.33 ms, found 0 plugins.
Preloading 0 native plugins for Editor in 0.00 ms.
Mono: successfully reloaded assembly
- Completed reload, in  0.953 seconds
Platform modules already initialized, skipping
Refreshing native plugins compatible for Editor in 0.49 ms, found 0 plugins.
Preloading 0 native plugins for Editor in 0.00 ms.
Unloading 1118 Unused Serialized files (Serialized files now loaded: 0)
System memory in use before: 83.0 MB.
System memory in use after: 83.1 MB.

Unloading 206 unused Assets to reduce memory usage. Loaded Objects now: 1871.
Total: 4.567600 ms (FindLiveObjects: 0.214400 ms CreateObjectMapping: 0.092800 ms MarkObjects: 4.151200 ms  DeleteObjects: 0.107000 ms)

========================================================================
Received Prepare
Registering precompiled user dll's ...
Registered in 0.000193 seconds.
Begin MonoManager ReloadAssembly
Native extension for WindowsStandalone target not found
Refreshing native plugins compatible for Editor in 0.25 ms, found 0 plugins.
Preloading 0 native plugins for Editor in 0.00 ms.
Mono: successfully reloaded assembly
- Completed reload, in  1.063 seconds
Platform modules already initialized, skipping
Refreshing native plugins compatible for Editor in 0.22 ms, found 0 plugins.
Preloading 0 native plugins for Editor in 0.00 ms.
Unloading 849 Unused Serialized files (Serialized files now loaded: 0)
System memory in use before: 76.8 MB.
System memory in use after: 77.0 MB.

Unloading 110 unused Assets to reduce memory usage. Loaded Objects now: 1762.
Total: 2.191100 ms (FindLiveObjects: 0.160900 ms CreateObjectMapping: 0.045300 ms MarkObjects: 1.906800 ms  DeleteObjects: 0.076600 ms)

========================================================================
Received Prepare
Registering precompiled user dll's ...
Registered in 0.000137 seconds.
Begin MonoManager ReloadAssembly
Native extension for WindowsStandalone target not found
Refreshing native plugins compatible for Editor in 0.17 ms, found 0 plugins.
Preloading 0 native plugins for Editor in 0.00 ms.
Mono: successfully reloaded assembly
- Completed reload, in  0.864 seconds
Platform modules already initialized, skipping
Refreshing native plugins compatible for Editor in 0.20 ms, found 0 plugins.
Preloading 0 native plugins for Editor in 0.00 ms.
Unloading 823 Unused Serialized files (Serialized files now loaded: 0)
System memory in use before: 76.0 MB.
System memory in use after: 76.1 MB.

Unloading 0 unused Assets to reduce memory usage. Loaded Objects now: 1762.
Total: 2.313300 ms (FindLiveObjects: 0.138500 ms CreateObjectMapping: 0.041200 ms MarkObjects: 2.125300 ms  DeleteObjects: 0.007200 ms)

========================================================================
Received Prepare
Registering precompiled user dll's ...
Registered in 0.000101 seconds.
Begin MonoManager ReloadAssembly
Native extension for WindowsStandalone target not found
Refreshing native plugins compatible for Editor in 0.26 ms, found 0 plugins.
Preloading 0 native plugins for Editor in 0.00 ms.
Mono: successfully reloaded assembly
- Completed reload, in  0.854 seconds
Platform modules already initialized, skipping
Refreshing native plugins compatible for Editor in 0.20 ms, found 0 plugins.
Preloading 0 native plugins for Editor in 0.00 ms.
Unloading 491 Unused Serialized files (Serialized files now loaded: 0)
System memory in use before: 69.3 MB.
System memory in use after: 69.4 MB.

Unloading 72 unused Assets to reduce memory usage. Loaded Objects now: 1690.
Total: 2.111500 ms (FindLiveObjects: 0.129900 ms CreateObjectMapping: 0.037800 ms MarkObjects: 1.870900 ms  DeleteObjects: 0.071700 ms)

========================================================================
Received Prepare
Registering precompiled user dll's ...
Registered in 0.000068 seconds.
Begin MonoManager ReloadAssembly
Native extension for WindowsStandalone target not found
Refreshing native plugins compatible for Editor in 0.10 ms, found 0 plugins.
Preloading 0 native plugins for Editor in 0.00 ms.
Mono: successfully reloaded assembly
- Completed reload, in  0.821 seconds
Platform modules already initialized, skipping
Refreshing native plugins compatible for Editor in 0.11 ms, found 0 plugins.
Preloading 0 native plugins for Editor in 0.00 ms.
Unloading 373 Unused Serialized files (Serialized files now loaded: 0)
System memory in use before: 66.6 MB.
System memory in use after: 66.7 MB.

Unloading 0 unused Assets to reduce memory usage. Loaded Objects now: 1690.
Total: 1.952500 ms (FindLiveObjects: 0.161200 ms CreateObjectMapping: 0.041300 ms MarkObjects: 1.744000 ms  DeleteObjects: 0.004400 ms)

========================================================================
Received Prepare
Registering precompiled user dll's ...
Registered in 0.000060 seconds.
Begin MonoManager ReloadAssembly
Native extension for WindowsStandalone target not found
Refreshing native plugins compatible for Editor in 0.10 ms, found 0 plugins.
Preloading 0 native plugins for Editor in 0.00 ms.
Mono: successfully reloaded assembly
- Completed reload, in  0.813 seconds
Platform modules already initialized, skipping
Refreshing native plugins compatible for Editor in 0.13 ms, found 0 plugins.
Preloading 0 native plugins for Editor in 0.00 ms.
Unloading 366 Unused Serialized files (Serialized files now loaded: 0)
System memory in use before: 66.5 MB.
System memory in use after: 66.6 MB.

Unloading 0 unused Assets to reduce memory usage. Loaded Objects now: 1690.
Total: 2.036400 ms (FindLiveObjects: 0.170000 ms CreateObjectMapping: 0.048100 ms MarkObjects: 1.797100 ms  DeleteObjects: 0.019800 ms)

========================================================================
Received Prepare
Registering precompiled user dll's ...
Registered in 0.000068 seconds.
Begin MonoManager ReloadAssembly
Native extension for WindowsStandalone target not found
Refreshing native plugins compatible for Editor in 0.10 ms, found 0 plugins.
Preloading 0 native plugins for Editor in 0.00 ms.
Mono: successfully reloaded assembly
- Completed reload, in  0.804 seconds
Platform modules already initialized, skipping
Refreshing native plugins compatible for Editor in 0.11 ms, found 0 plugins.
Preloading 0 native plugins for Editor in 0.00 ms.
Unloading 349 Unused Serialized files (Serialized files now loaded: 0)
System memory in use before: 66.1 MB.
System memory in use after: 66.2 MB.

Unloading 8 unused Assets to reduce memory usage. Loaded Objects now: 1682.
Total: 1.653100 ms (FindLiveObjects: 0.128000 ms CreateObjectMapping: 0.037900 ms MarkObjects: 1.473400 ms  DeleteObjects: 0.012700 ms)

========================================================================
Received Prepare
Registering precompiled user dll's ...
Registered in 0.000095 seconds.
Begin MonoManager ReloadAssembly
Native extension for WindowsStandalone target not found
Refreshing native plugins compatible for Editor in 0.10 ms, found 0 plugins.
Preloading 0 native plugins for Editor in 0.00 ms.
Mono: successfully reloaded assembly
- Completed reload, in  0.809 seconds
Platform modules already initialized, skipping
Refreshing native plugins compatible for Editor in 0.13 ms, found 0 plugins.
Preloading 0 native plugins for Editor in 0.00 ms.
Unloading 349 Unused Serialized files (Serialized files now loaded: 0)
System memory in use before: 66.0 MB.
System memory in use after: 66.1 MB.

Unloading 0 unused Assets to reduce memory usage. Loaded Objects now: 1682.
Total: 2.152600 ms (FindLiveObjects: 0.274300 ms CreateObjectMapping: 0.052000 ms MarkObjects: 1.819400 ms  DeleteObjects: 0.005300 ms)

========================================================================
Received Import Request.
  Time since last request: 440.197121 seconds.
  path: Assets/Status_Library
  artifactKey: Guid(84be7ab66f0c3be4cb14dcb7e31b28c8) Importer(815301076,1909f56bfc062723c751e8b465ee728b)
Start importing Assets/Status_Library using Guid(84be7ab66f0c3be4cb14dcb7e31b28c8) Importer(815301076,1909f56bfc062723c751e8b465ee728b)  -> (artifact id: '79575fb7721bb2e5aabc44820dd602a8') in 0.035661 seconds 
========================================================================
Received Import Request.
  Time since last request: 4.375405 seconds.
  path: Assets/Status_Library/Burned.asset
  artifactKey: Guid(8029074e699c24b4bb8bff5d2844a732) Importer(815301076,1909f56bfc062723c751e8b465ee728b)
Start importing Assets/Status_Library/Burned.asset using Guid(8029074e699c24b4bb8bff5d2844a732) Importer(815301076,1909f56bfc062723c751e8b465ee728b)  -> (artifact id: 'ad494404285887ac814820c61587b83f') in 0.347247 seconds 
========================================================================
Received Import Request.
  Time since last request: 0.000279 seconds.
  path: Assets/Status_Library/Marked.asset
  artifactKey: Guid(f5a12876dd65ea54188047354414bde3) Importer(815301076,1909f56bfc062723c751e8b465ee728b)
Start importing Assets/Status_Library/Marked.asset using Guid(f5a12876dd65ea54188047354414bde3) Importer(815301076,1909f56bfc062723c751e8b465ee728b)  -> (artifact id: '87d11d3177b7126c74a5a664cc6329f7') in 0.019120 seconds 
========================================================================
Received Import Request.
  Time since last request: 0.000328 seconds.
  path: Assets/Status_Library/Normal.asset
  artifactKey: Guid(bf06e7bae44f6ba46bd6db174464ff23) Importer(815301076,1909f56bfc062723c751e8b465ee728b)
Start importing Assets/Status_Library/Normal.asset using Guid(bf06e7bae44f6ba46bd6db174464ff23) Importer(815301076,1909f56bfc062723c751e8b465ee728b)  -> (artifact id: '18c50ea291fad47db78d5c5ff53da146') in 0.010964 seconds 
========================================================================
Received Import Request.
  Time since last request: 0.000116 seconds.
  path: Assets/Status_Library/Paralyzed.asset
  artifactKey: Guid(a7be81f34d8c3b543ba5ad144a50db86) Importer(815301076,1909f56bfc062723c751e8b465ee728b)
Start importing Assets/Status_Library/Paralyzed.asset using Guid(a7be81f34d8c3b543ba5ad144a50db86) Importer(815301076,1909f56bfc062723c751e8b465ee728b)  -> (artifact id: 'cf200a368b571dfbd77b06703e0a3e4a') in 0.339218 seconds 
========================================================================
Received Import Request.
  Time since last request: 0.000292 seconds.
  path: Assets/Status_Library/Wet.asset
  artifactKey: Guid(3255516767682994ebfd316bf1ac50b1) Importer(815301076,1909f56bfc062723c751e8b465ee728b)
Start importing Assets/Status_Library/Wet.asset using Guid(3255516767682994ebfd316bf1ac50b1) Importer(815301076,1909f56bfc062723c751e8b465ee728b)  -> (artifact id: 'b0e67bdf0b413a1fcecb9361c1098cd9') in 0.011033 seconds 
========================================================================
Received Import Request.
  Time since last request: 0.000306 seconds.
  path: Assets/Status_Library/Slowed.asset
  artifactKey: Guid(78159d3c60272a949b2595b6ef76de14) Importer(815301076,1909f56bfc062723c751e8b465ee728b)
Start importing Assets/Status_Library/Slowed.asset using Guid(78159d3c60272a949b2595b6ef76de14) Importer(815301076,1909f56bfc062723c751e8b465ee728b)  -> (artifact id: 'e2246170538342a347941762441f721b') in 0.018472 seconds 
========================================================================
Received Import Request.
  Time since last request: 2.251209 seconds.
  path: Assets/Standard Assets
  artifactKey: Guid(b197c235acbf82243aafa778e0da11d6) Importer(815301076,1909f56bfc062723c751e8b465ee728b)
Start importing Assets/Standard Assets using Guid(b197c235acbf82243aafa778e0da11d6) Importer(815301076,1909f56bfc062723c751e8b465ee728b)  -> (artifact id: '51e7c73bb9587ae7afa60095dec84ae5') in 0.015951 seconds 
========================================================================
Received Import Request.
  Time since last request: 1.203312 seconds.
  path: Assets/Standard Assets/Environment
  artifactKey: Guid(6ca8c4e270f964e0da9f731d7d34b123) Importer(815301076,1909f56bfc062723c751e8b465ee728b)
Start importing Assets/Standard Assets/Environment using Guid(6ca8c4e270f964e0da9f731d7d34b123) Importer(815301076,1909f56bfc062723c751e8b465ee728b)  -> (artifact id: 'd132ca6ba0b61215c1d2fa135b9b4dd9') in 0.012991 seconds 
========================================================================
Received Import Request.
  Time since last request: 1.799889 seconds.
  path: Assets/Standard Assets/Environment/Water
  artifactKey: Guid(4f65f58f1750429468db4bef75317815) Importer(815301076,1909f56bfc062723c751e8b465ee728b)
Start importing Assets/Standard Assets/Environment/Water using Guid(4f65f58f1750429468db4bef75317815) Importer(815301076,1909f56bfc062723c751e8b465ee728b)  -> (artifact id: '45682afa34ce381e9332aca68878967a') in 0.013102 seconds 
========================================================================
Received Import Request.
  Time since last request: 0.678997 seconds.
  path: Assets/Standard Assets/Environment/Water/Water
  artifactKey: Guid(e2e84b28786ce854391d79fb76df820b) Importer(815301076,1909f56bfc062723c751e8b465ee728b)
Start importing Assets/Standard Assets/Environment/Water/Water using Guid(e2e84b28786ce854391d79fb76df820b) Importer(815301076,1909f56bfc062723c751e8b465ee728b)  -> (artifact id: '1790924ad7550c62011ef9bb775f5f20') in 0.005814 seconds 
========================================================================
Received Import Request.
  Time since last request: 1.199148 seconds.
  path: Assets/Standard Assets/Environment/Water/Water/Models
  artifactKey: Guid(fe5d00245bc1d42a7927f4b2879026b8) Importer(815301076,1909f56bfc062723c751e8b465ee728b)
Start importing Assets/Standard Assets/Environment/Water/Water/Models using Guid(fe5d00245bc1d42a7927f4b2879026b8) Importer(815301076,1909f56bfc062723c751e8b465ee728b)  -> (artifact id: '06dbf58c561d51835281d580b37601a7') in 0.013974 seconds 
========================================================================
Received Import Request.
  Time since last request: 0.093937 seconds.
  path: Assets/Standard Assets/Environment/Water/Water/Models/WaterPlane.fbx
  artifactKey: Guid(ba6a41dc489914734857bb5924eb70ad) Importer(815301076,1909f56bfc062723c751e8b465ee728b)
Start importing Assets/Standard Assets/Environment/Water/Water/Models/WaterPlane.fbx using Guid(ba6a41dc489914734857bb5924eb70ad) Importer(815301076,1909f56bfc062723c751e8b465ee728b)  -> (artifact id: 'bed1ee5ea4cfcd8c6fdb21639c7e9e85') in 1.880585 seconds 
========================================================================
Received Import Request.
  Time since last request: 1.267614 seconds.
  path: Assets/SerializableDictionary
  artifactKey: Guid(5838c26abc914614cbbdea41f3528c19) Importer(815301076,1909f56bfc062723c751e8b465ee728b)
Start importing Assets/SerializableDictionary using Guid(5838c26abc914614cbbdea41f3528c19) Importer(815301076,1909f56bfc062723c751e8b465ee728b)  -> (artifact id: 'cd1f51ac00b397ae316cbed3f5d7288f') in 0.012084 seconds 
========================================================================
Received Import Request.
  Time since last request: 1.732301 seconds.
  path: Assets/Scenes
  artifactKey: Guid(4f704ae4b4f98ae41a0bce26658850c1) Importer(815301076,1909f56bfc062723c751e8b465ee728b)
Start importing Assets/Scenes using Guid(4f704ae4b4f98ae41a0bce26658850c1) Importer(815301076,1909f56bfc062723c751e8b465ee728b)  -> (artifact id: 'bbd1387a6b18bce7ccfbfcea4a51c04b') in 0.011186 seconds 
========================================================================
Received Import Request.
  Time since last request: 1.801719 seconds.
  path: Assets/Particles
  artifactKey: Guid(91c0dbbdc1e30774fa4ed52988efe8ac) Importer(815301076,1909f56bfc062723c751e8b465ee728b)
Start importing Assets/Particles using Guid(91c0dbbdc1e30774fa4ed52988efe8ac) Importer(815301076,1909f56bfc062723c751e8b465ee728b)  -> (artifact id: '684e9da15cdbcec4ead1a4f27f27e76b') in 0.012429 seconds 
========================================================================
Received Import Request.
  Time since last request: 0.585003 seconds.
  path: Assets/Resources
  artifactKey: Guid(3f1b2599a8b835344ba394f51b19095e) Importer(815301076,1909f56bfc062723c751e8b465ee728b)
Start importing Assets/Resources using Guid(3f1b2599a8b835344ba394f51b19095e) Importer(815301076,1909f56bfc062723c751e8b465ee728b)  -> (artifact id: '5a01257d662ebbd7bff51197c961ee07') in 0.011463 seconds 
AssetImportWorkerClient::OnTransportError - code=2 error=End of file
